2014/10/03 15:32:03 [error] [exception.CHttpException.404] exception 'CHttpException' with message 'Unable to resolve the request "sgii".' in Z:\home\yii\www\framework\web\CWebApplication.php:286
Stack trace:
#0 Z:\home\yii\www\framework\web\CWebApplication.php(141): CWebApplication->runController('sgii')
#1 Z:\home\yii\www\framework\base\CApplication.php(180): CWebApplication->processRequest()
#2 Z:\home\yii\www\index.php(13): CApplication->run()
#3 {main}
REQUEST_URI=/index.php?r=sgii
---
2014/10/03 17:59:06 [error] [exception.CHttpException.404] exception 'CHttpException' with message 'The requested view "post" was not found.' in Z:\home\yii\www\framework\web\actions\CViewAction.php:112
Stack trace:
#0 Z:\home\yii\www\framework\web\actions\CViewAction.php(123): CViewAction->resolveView('post')
#1 Z:\home\yii\www\framework\web\actions\CAction.php(76): CViewAction->run()
#2 Z:\home\yii\www\framework\web\CController.php(308): CAction->runWithParams(Array)
#3 Z:\home\yii\www\framework\web\CController.php(286): CController->runAction(Object(CViewAction))
#4 Z:\home\yii\www\framework\web\CController.php(265): CController->runActionWithFilters(Object(CViewAction), Array)
#5 Z:\home\yii\www\framework\web\CWebApplication.php(282): CController->run('page')
#6 Z:\home\yii\www\framework\web\CWebApplication.php(141): CWebApplication->runController('site/page')
#7 Z:\home\yii\www\framework\base\CApplication.php(180): CWebApplication->processRequest()
#8 Z:\home\yii\www\index.php(13): CApplication->run()
#9 {main}
REQUEST_URI=/index.php?r=site/page&view=post
---
2014/10/03 17:59:07 [error] [exception.CHttpException.404] exception 'CHttpException' with message 'The requested view "post" was not found.' in Z:\home\yii\www\framework\web\actions\CViewAction.php:112
Stack trace:
#0 Z:\home\yii\www\framework\web\actions\CViewAction.php(123): CViewAction->resolveView('post')
#1 Z:\home\yii\www\framework\web\actions\CAction.php(76): CViewAction->run()
#2 Z:\home\yii\www\framework\web\CController.php(308): CAction->runWithParams(Array)
#3 Z:\home\yii\www\framework\web\CController.php(286): CController->runAction(Object(CViewAction))
#4 Z:\home\yii\www\framework\web\CController.php(265): CController->runActionWithFilters(Object(CViewAction), Array)
#5 Z:\home\yii\www\framework\web\CWebApplication.php(282): CController->run('page')
#6 Z:\home\yii\www\framework\web\CWebApplication.php(141): CWebApplication->runController('site/page')
#7 Z:\home\yii\www\framework\base\CApplication.php(180): CWebApplication->processRequest()
#8 Z:\home\yii\www\index.php(13): CApplication->run()
#9 {main}
REQUEST_URI=/index.php?r=site/page&view=post
---
2014/10/03 17:59:08 [error] [exception.CHttpException.404] exception 'CHttpException' with message 'The requested view "post" was not found.' in Z:\home\yii\www\framework\web\actions\CViewAction.php:112
Stack trace:
#0 Z:\home\yii\www\framework\web\actions\CViewAction.php(123): CViewAction->resolveView('post')
#1 Z:\home\yii\www\framework\web\actions\CAction.php(76): CViewAction->run()
#2 Z:\home\yii\www\framework\web\CController.php(308): CAction->runWithParams(Array)
#3 Z:\home\yii\www\framework\web\CController.php(286): CController->runAction(Object(CViewAction))
#4 Z:\home\yii\www\framework\web\CController.php(265): CController->runActionWithFilters(Object(CViewAction), Array)
#5 Z:\home\yii\www\framework\web\CWebApplication.php(282): CController->run('page')
#6 Z:\home\yii\www\framework\web\CWebApplication.php(141): CWebApplication->runController('site/page')
#7 Z:\home\yii\www\framework\base\CApplication.php(180): CWebApplication->processRequest()
#8 Z:\home\yii\www\index.php(13): CApplication->run()
#9 {main}
REQUEST_URI=/index.php?r=site/page&view=post
---
2014/10/03 17:59:08 [error] [exception.CHttpException.404] exception 'CHttpException' with message 'The requested view "post" was not found.' in Z:\home\yii\www\framework\web\actions\CViewAction.php:112
Stack trace:
#0 Z:\home\yii\www\framework\web\actions\CViewAction.php(123): CViewAction->resolveView('post')
#1 Z:\home\yii\www\framework\web\actions\CAction.php(76): CViewAction->run()
#2 Z:\home\yii\www\framework\web\CController.php(308): CAction->runWithParams(Array)
#3 Z:\home\yii\www\framework\web\CController.php(286): CController->runAction(Object(CViewAction))
#4 Z:\home\yii\www\framework\web\CController.php(265): CController->runActionWithFilters(Object(CViewAction), Array)
#5 Z:\home\yii\www\framework\web\CWebApplication.php(282): CController->run('page')
#6 Z:\home\yii\www\framework\web\CWebApplication.php(141): CWebApplication->runController('site/page')
#7 Z:\home\yii\www\framework\base\CApplication.php(180): CWebApplication->processRequest()
#8 Z:\home\yii\www\index.php(13): CApplication->run()
#9 {main}
REQUEST_URI=/index.php?r=site/page&view=post
---
2014/10/03 17:59:08 [error] [exception.CHttpException.404] exception 'CHttpException' with message 'The requested view "post" was not found.' in Z:\home\yii\www\framework\web\actions\CViewAction.php:112
Stack trace:
#0 Z:\home\yii\www\framework\web\actions\CViewAction.php(123): CViewAction->resolveView('post')
#1 Z:\home\yii\www\framework\web\actions\CAction.php(76): CViewAction->run()
#2 Z:\home\yii\www\framework\web\CController.php(308): CAction->runWithParams(Array)
#3 Z:\home\yii\www\framework\web\CController.php(286): CController->runAction(Object(CViewAction))
#4 Z:\home\yii\www\framework\web\CController.php(265): CController->runActionWithFilters(Object(CViewAction), Array)
#5 Z:\home\yii\www\framework\web\CWebApplication.php(282): CController->run('page')
#6 Z:\home\yii\www\framework\web\CWebApplication.php(141): CWebApplication->runController('site/page')
#7 Z:\home\yii\www\framework\base\CApplication.php(180): CWebApplication->processRequest()
#8 Z:\home\yii\www\index.php(13): CApplication->run()
#9 {main}
REQUEST_URI=/index.php?r=site/page&view=post
---
2014/10/03 17:59:08 [error] [exception.CHttpException.404] exception 'CHttpException' with message 'The requested view "post" was not found.' in Z:\home\yii\www\framework\web\actions\CViewAction.php:112
Stack trace:
#0 Z:\home\yii\www\framework\web\actions\CViewAction.php(123): CViewAction->resolveView('post')
#1 Z:\home\yii\www\framework\web\actions\CAction.php(76): CViewAction->run()
#2 Z:\home\yii\www\framework\web\CController.php(308): CAction->runWithParams(Array)
#3 Z:\home\yii\www\framework\web\CController.php(286): CController->runAction(Object(CViewAction))
#4 Z:\home\yii\www\framework\web\CController.php(265): CController->runActionWithFilters(Object(CViewAction), Array)
#5 Z:\home\yii\www\framework\web\CWebApplication.php(282): CController->run('page')
#6 Z:\home\yii\www\framework\web\CWebApplication.php(141): CWebApplication->runController('site/page')
#7 Z:\home\yii\www\framework\base\CApplication.php(180): CWebApplication->processRequest()
#8 Z:\home\yii\www\index.php(13): CApplication->run()
#9 {main}
REQUEST_URI=/index.php?r=site/page&view=post
---
2014/10/03 17:59:09 [error] [exception.CHttpException.404] exception 'CHttpException' with message 'The requested view "post" was not found.' in Z:\home\yii\www\framework\web\actions\CViewAction.php:112
Stack trace:
#0 Z:\home\yii\www\framework\web\actions\CViewAction.php(123): CViewAction->resolveView('post')
#1 Z:\home\yii\www\framework\web\actions\CAction.php(76): CViewAction->run()
#2 Z:\home\yii\www\framework\web\CController.php(308): CAction->runWithParams(Array)
#3 Z:\home\yii\www\framework\web\CController.php(286): CController->runAction(Object(CViewAction))
#4 Z:\home\yii\www\framework\web\CController.php(265): CController->runActionWithFilters(Object(CViewAction), Array)
#5 Z:\home\yii\www\framework\web\CWebApplication.php(282): CController->run('page')
#6 Z:\home\yii\www\framework\web\CWebApplication.php(141): CWebApplication->runController('site/page')
#7 Z:\home\yii\www\framework\base\CApplication.php(180): CWebApplication->processRequest()
#8 Z:\home\yii\www\index.php(13): CApplication->run()
#9 {main}
REQUEST_URI=/index.php?r=site/page&view=post
---
2014/10/03 17:59:09 [error] [exception.CHttpException.404] exception 'CHttpException' with message 'The requested view "post" was not found.' in Z:\home\yii\www\framework\web\actions\CViewAction.php:112
Stack trace:
#0 Z:\home\yii\www\framework\web\actions\CViewAction.php(123): CViewAction->resolveView('post')
#1 Z:\home\yii\www\framework\web\actions\CAction.php(76): CViewAction->run()
#2 Z:\home\yii\www\framework\web\CController.php(308): CAction->runWithParams(Array)
#3 Z:\home\yii\www\framework\web\CController.php(286): CController->runAction(Object(CViewAction))
#4 Z:\home\yii\www\framework\web\CController.php(265): CController->runActionWithFilters(Object(CViewAction), Array)
#5 Z:\home\yii\www\framework\web\CWebApplication.php(282): CController->run('page')
#6 Z:\home\yii\www\framework\web\CWebApplication.php(141): CWebApplication->runController('site/page')
#7 Z:\home\yii\www\framework\base\CApplication.php(180): CWebApplication->processRequest()
#8 Z:\home\yii\www\index.php(13): CApplication->run()
#9 {main}
REQUEST_URI=/index.php?r=site/page&view=post
---
2014/10/03 17:59:09 [error] [exception.CHttpException.404] exception 'CHttpException' with message 'The requested view "post" was not found.' in Z:\home\yii\www\framework\web\actions\CViewAction.php:112
Stack trace:
#0 Z:\home\yii\www\framework\web\actions\CViewAction.php(123): CViewAction->resolveView('post')
#1 Z:\home\yii\www\framework\web\actions\CAction.php(76): CViewAction->run()
#2 Z:\home\yii\www\framework\web\CController.php(308): CAction->runWithParams(Array)
#3 Z:\home\yii\www\framework\web\CController.php(286): CController->runAction(Object(CViewAction))
#4 Z:\home\yii\www\framework\web\CController.php(265): CController->runActionWithFilters(Object(CViewAction), Array)
#5 Z:\home\yii\www\framework\web\CWebApplication.php(282): CController->run('page')
#6 Z:\home\yii\www\framework\web\CWebApplication.php(141): CWebApplication->runController('site/page')
#7 Z:\home\yii\www\framework\base\CApplication.php(180): CWebApplication->processRequest()
#8 Z:\home\yii\www\index.php(13): CApplication->run()
#9 {main}
REQUEST_URI=/index.php?r=site/page&view=post
---
2014/10/03 17:59:10 [error] [exception.CHttpException.404] exception 'CHttpException' with message 'The requested view "post" was not found.' in Z:\home\yii\www\framework\web\actions\CViewAction.php:112
Stack trace:
#0 Z:\home\yii\www\framework\web\actions\CViewAction.php(123): CViewAction->resolveView('post')
#1 Z:\home\yii\www\framework\web\actions\CAction.php(76): CViewAction->run()
#2 Z:\home\yii\www\framework\web\CController.php(308): CAction->runWithParams(Array)
#3 Z:\home\yii\www\framework\web\CController.php(286): CController->runAction(Object(CViewAction))
#4 Z:\home\yii\www\framework\web\CController.php(265): CController->runActionWithFilters(Object(CViewAction), Array)
#5 Z:\home\yii\www\framework\web\CWebApplication.php(282): CController->run('page')
#6 Z:\home\yii\www\framework\web\CWebApplication.php(141): CWebApplication->runController('site/page')
#7 Z:\home\yii\www\framework\base\CApplication.php(180): CWebApplication->processRequest()
#8 Z:\home\yii\www\index.php(13): CApplication->run()
#9 {main}
REQUEST_URI=/index.php?r=site/page&view=post
---
2014/10/03 17:59:10 [error] [exception.CHttpException.404] exception 'CHttpException' with message 'The requested view "post" was not found.' in Z:\home\yii\www\framework\web\actions\CViewAction.php:112
Stack trace:
#0 Z:\home\yii\www\framework\web\actions\CViewAction.php(123): CViewAction->resolveView('post')
#1 Z:\home\yii\www\framework\web\actions\CAction.php(76): CViewAction->run()
#2 Z:\home\yii\www\framework\web\CController.php(308): CAction->runWithParams(Array)
#3 Z:\home\yii\www\framework\web\CController.php(286): CController->runAction(Object(CViewAction))
#4 Z:\home\yii\www\framework\web\CController.php(265): CController->runActionWithFilters(Object(CViewAction), Array)
#5 Z:\home\yii\www\framework\web\CWebApplication.php(282): CController->run('page')
#6 Z:\home\yii\www\framework\web\CWebApplication.php(141): CWebApplication->runController('site/page')
#7 Z:\home\yii\www\framework\base\CApplication.php(180): CWebApplication->processRequest()
#8 Z:\home\yii\www\index.php(13): CApplication->run()
#9 {main}
REQUEST_URI=/index.php?r=site/page&view=post
---
2014/10/03 17:59:11 [error] [exception.CHttpException.404] exception 'CHttpException' with message 'The requested view "post" was not found.' in Z:\home\yii\www\framework\web\actions\CViewAction.php:112
Stack trace:
#0 Z:\home\yii\www\framework\web\actions\CViewAction.php(123): CViewAction->resolveView('post')
#1 Z:\home\yii\www\framework\web\actions\CAction.php(76): CViewAction->run()
#2 Z:\home\yii\www\framework\web\CController.php(308): CAction->runWithParams(Array)
#3 Z:\home\yii\www\framework\web\CController.php(286): CController->runAction(Object(CViewAction))
#4 Z:\home\yii\www\framework\web\CController.php(265): CController->runActionWithFilters(Object(CViewAction), Array)
#5 Z:\home\yii\www\framework\web\CWebApplication.php(282): CController->run('page')
#6 Z:\home\yii\www\framework\web\CWebApplication.php(141): CWebApplication->runController('site/page')
#7 Z:\home\yii\www\framework\base\CApplication.php(180): CWebApplication->processRequest()
#8 Z:\home\yii\www\index.php(13): CApplication->run()
#9 {main}
REQUEST_URI=/index.php?r=site/page&view=post
---
2014/10/03 17:59:11 [error] [exception.CHttpException.404] exception 'CHttpException' with message 'The requested view "post" was not found.' in Z:\home\yii\www\framework\web\actions\CViewAction.php:112
Stack trace:
#0 Z:\home\yii\www\framework\web\actions\CViewAction.php(123): CViewAction->resolveView('post')
#1 Z:\home\yii\www\framework\web\actions\CAction.php(76): CViewAction->run()
#2 Z:\home\yii\www\framework\web\CController.php(308): CAction->runWithParams(Array)
#3 Z:\home\yii\www\framework\web\CController.php(286): CController->runAction(Object(CViewAction))
#4 Z:\home\yii\www\framework\web\CController.php(265): CController->runActionWithFilters(Object(CViewAction), Array)
#5 Z:\home\yii\www\framework\web\CWebApplication.php(282): CController->run('page')
#6 Z:\home\yii\www\framework\web\CWebApplication.php(141): CWebApplication->runController('site/page')
#7 Z:\home\yii\www\framework\base\CApplication.php(180): CWebApplication->processRequest()
#8 Z:\home\yii\www\index.php(13): CApplication->run()
#9 {main}
REQUEST_URI=/index.php?r=site/page&view=post
---
2014/10/03 18:00:22 [error] [exception.CHttpException.404] exception 'CHttpException' with message 'Unable to resolve the request "i".' in Z:\home\yii\www\framework\web\CWebApplication.php:286
Stack trace:
#0 Z:\home\yii\www\framework\web\CWebApplication.php(141): CWebApplication->runController('i')
#1 Z:\home\yii\www\framework\base\CApplication.php(180): CWebApplication->processRequest()
#2 Z:\home\yii\www\index.php(13): CApplication->run()
#3 {main}
REQUEST_URI=/i
---
2014/10/03 18:00:26 [error] [exception.CHttpException.404] exception 'CHttpException' with message 'Unable to resolve the request "зщые".' in Z:\home\yii\www\framework\web\CWebApplication.php:286
Stack trace:
#0 Z:\home\yii\www\framework\web\CWebApplication.php(141): CWebApplication->runController('????????')
#1 Z:\home\yii\www\framework\base\CApplication.php(180): CWebApplication->processRequest()
#2 Z:\home\yii\www\index.php(13): CApplication->run()
#3 {main}
REQUEST_URI=/%D0%B7%D1%89%D1%8B%D0%B5
---
2014/10/03 18:21:33 [error] [exception.CHttpException.403] exception 'CHttpException' with message 'You are not authorized to perform this action.' in Z:\home\yii\www\framework\web\auth\CAccessControlFilter.php:182
Stack trace:
#0 Z:\home\yii\www\framework\web\auth\CAccessControlFilter.php(145): CAccessControlFilter->accessDenied(Object(CWebUser), 'You are not aut...')
#1 Z:\home\yii\www\framework\web\filters\CFilter.php(38): CAccessControlFilter->preFilter(Object(CFilterChain))
#2 Z:\home\yii\www\framework\web\CController.php(1145): CFilter->filter(Object(CFilterChain))
#3 Z:\home\yii\www\framework\web\filters\CInlineFilter.php(58): CController->filterAccessControl(Object(CFilterChain))
#4 Z:\home\yii\www\framework\web\filters\CFilterChain.php(130): CInlineFilter->filter(Object(CFilterChain))
#5 Z:\home\yii\www\framework\web\CController.php(291): CFilterChain->run()
#6 Z:\home\yii\www\framework\web\CController.php(265): CController->runActionWithFilters(Object(CInlineAction), Array)
#7 Z:\home\yii\www\framework\web\CWebApplication.php(282): CController->run('admin')
#8 Z:\home\yii\www\framework\web\CWebApplication.php(141): CWebApplication->runController('post/admin')
#9 Z:\home\yii\www\framework\base\CApplication.php(180): CWebApplication->processRequest()
#10 Z:\home\yii\www\index.php(13): CApplication->run()
#11 {main}
REQUEST_URI=/post/admin
HTTP_REFERER=http://yii/post/create
---
2014/10/03 18:21:37 [error] [exception.CHttpException.403] exception 'CHttpException' with message 'You are not authorized to perform this action.' in Z:\home\yii\www\framework\web\auth\CAccessControlFilter.php:182
Stack trace:
#0 Z:\home\yii\www\framework\web\auth\CAccessControlFilter.php(145): CAccessControlFilter->accessDenied(Object(CWebUser), 'You are not aut...')
#1 Z:\home\yii\www\framework\web\filters\CFilter.php(38): CAccessControlFilter->preFilter(Object(CFilterChain))
#2 Z:\home\yii\www\framework\web\CController.php(1145): CFilter->filter(Object(CFilterChain))
#3 Z:\home\yii\www\framework\web\filters\CInlineFilter.php(58): CController->filterAccessControl(Object(CFilterChain))
#4 Z:\home\yii\www\framework\web\filters\CFilterChain.php(130): CInlineFilter->filter(Object(CFilterChain))
#5 Z:\home\yii\www\framework\web\CController.php(291): CFilterChain->run()
#6 Z:\home\yii\www\framework\web\CController.php(265): CController->runActionWithFilters(Object(CInlineAction), Array)
#7 Z:\home\yii\www\framework\web\CWebApplication.php(282): CController->run('admin')
#8 Z:\home\yii\www\framework\web\CWebApplication.php(141): CWebApplication->runController('post/admin')
#9 Z:\home\yii\www\framework\base\CApplication.php(180): CWebApplication->processRequest()
#10 Z:\home\yii\www\index.php(13): CApplication->run()
#11 {main}
REQUEST_URI=/post/admin
HTTP_REFERER=http://yii/post/create
---
2014/10/03 18:21:37 [error] [exception.CHttpException.403] exception 'CHttpException' with message 'You are not authorized to perform this action.' in Z:\home\yii\www\framework\web\auth\CAccessControlFilter.php:182
Stack trace:
#0 Z:\home\yii\www\framework\web\auth\CAccessControlFilter.php(145): CAccessControlFilter->accessDenied(Object(CWebUser), 'You are not aut...')
#1 Z:\home\yii\www\framework\web\filters\CFilter.php(38): CAccessControlFilter->preFilter(Object(CFilterChain))
#2 Z:\home\yii\www\framework\web\CController.php(1145): CFilter->filter(Object(CFilterChain))
#3 Z:\home\yii\www\framework\web\filters\CInlineFilter.php(58): CController->filterAccessControl(Object(CFilterChain))
#4 Z:\home\yii\www\framework\web\filters\CFilterChain.php(130): CInlineFilter->filter(Object(CFilterChain))
#5 Z:\home\yii\www\framework\web\CController.php(291): CFilterChain->run()
#6 Z:\home\yii\www\framework\web\CController.php(265): CController->runActionWithFilters(Object(CInlineAction), Array)
#7 Z:\home\yii\www\framework\web\CWebApplication.php(282): CController->run('admin')
#8 Z:\home\yii\www\framework\web\CWebApplication.php(141): CWebApplication->runController('post/admin')
#9 Z:\home\yii\www\framework\base\CApplication.php(180): CWebApplication->processRequest()
#10 Z:\home\yii\www\index.php(13): CApplication->run()
#11 {main}
REQUEST_URI=/post/admin
HTTP_REFERER=http://yii/post/create
---
2014/10/03 18:21:39 [error] [exception.CHttpException.403] exception 'CHttpException' with message 'You are not authorized to perform this action.' in Z:\home\yii\www\framework\web\auth\CAccessControlFilter.php:182
Stack trace:
#0 Z:\home\yii\www\framework\web\auth\CAccessControlFilter.php(145): CAccessControlFilter->accessDenied(Object(CWebUser), 'You are not aut...')
#1 Z:\home\yii\www\framework\web\filters\CFilter.php(38): CAccessControlFilter->preFilter(Object(CFilterChain))
#2 Z:\home\yii\www\framework\web\CController.php(1145): CFilter->filter(Object(CFilterChain))
#3 Z:\home\yii\www\framework\web\filters\CInlineFilter.php(58): CController->filterAccessControl(Object(CFilterChain))
#4 Z:\home\yii\www\framework\web\filters\CFilterChain.php(130): CInlineFilter->filter(Object(CFilterChain))
#5 Z:\home\yii\www\framework\web\CController.php(291): CFilterChain->run()
#6 Z:\home\yii\www\framework\web\CController.php(265): CController->runActionWithFilters(Object(CInlineAction), Array)
#7 Z:\home\yii\www\framework\web\CWebApplication.php(282): CController->run('admin')
#8 Z:\home\yii\www\framework\web\CWebApplication.php(141): CWebApplication->runController('post/admin')
#9 Z:\home\yii\www\framework\base\CApplication.php(180): CWebApplication->processRequest()
#10 Z:\home\yii\www\index.php(13): CApplication->run()
#11 {main}
REQUEST_URI=/post/admin
HTTP_REFERER=http://yii/post/create
---
2014/10/03 18:22:26 [error] [exception.CHttpException.403] exception 'CHttpException' with message 'You are not authorized to perform this action.' in Z:\home\yii\www\framework\web\auth\CAccessControlFilter.php:182
Stack trace:
#0 Z:\home\yii\www\framework\web\auth\CAccessControlFilter.php(145): CAccessControlFilter->accessDenied(Object(CWebUser), 'You are not aut...')
#1 Z:\home\yii\www\framework\web\filters\CFilter.php(38): CAccessControlFilter->preFilter(Object(CFilterChain))
#2 Z:\home\yii\www\framework\web\CController.php(1145): CFilter->filter(Object(CFilterChain))
#3 Z:\home\yii\www\framework\web\filters\CInlineFilter.php(58): CController->filterAccessControl(Object(CFilterChain))
#4 Z:\home\yii\www\framework\web\filters\CFilterChain.php(130): CInlineFilter->filter(Object(CFilterChain))
#5 Z:\home\yii\www\framework\web\CController.php(291): CFilterChain->run()
#6 Z:\home\yii\www\framework\web\CController.php(265): CController->runActionWithFilters(Object(CInlineAction), Array)
#7 Z:\home\yii\www\framework\web\CWebApplication.php(282): CController->run('admin')
#8 Z:\home\yii\www\framework\web\CWebApplication.php(141): CWebApplication->runController('post/admin')
#9 Z:\home\yii\www\framework\base\CApplication.php(180): CWebApplication->processRequest()
#10 Z:\home\yii\www\index.php(13): CApplication->run()
#11 {main}
REQUEST_URI=/post/admin
HTTP_REFERER=http://yii/post
---
2014/10/03 18:23:20 [error] [php] include(normalizeTags.php) [<a href='function.include'>function.include</a>]: failed to open stream: No such file or directory (Z:\home\yii\www\framework\YiiBase.php:427)
Stack trace:
#0 Z:\home\yii\www\framework\validators\CValidator.php(186): import()
#1 Z:\home\yii\www\framework\base\CModel.php(287): createValidator()
#2 Z:\home\yii\www\framework\base\CModel.php(260): Post->createValidators()
#3 Z:\home\yii\www\framework\base\CModel.php(304): Post->getValidators()
#4 Z:\home\yii\www\framework\web\helpers\CHtml.php(1414): Post->isAttributeRequired()
#5 Z:\home\yii\www\framework\web\widgets\CActiveForm.php(597): activeLabelEx()
#6 Z:\home\yii\www\protected\views\post\_form.php(23): CActiveForm->labelEx()
#7 Z:\home\yii\www\framework\web\CBaseController.php(126): require()
#8 Z:\home\yii\www\framework\web\CBaseController.php(95): PostController->renderInternal()
#9 Z:\home\yii\www\framework\web\CController.php(869): PostController->renderFile()
#10 Z:\home\yii\www\protected\views\post\create.php(18): PostController->renderPartial()
#11 Z:\home\yii\www\framework\web\CBaseController.php(126): require()
#12 Z:\home\yii\www\framework\web\CBaseController.php(95): PostController->renderInternal()
#13 Z:\home\yii\www\framework\web\CController.php(869): PostController->renderFile()
#14 Z:\home\yii\www\framework\web\CController.php(782): PostController->renderPartial()
#15 Z:\home\yii\www\protected\controllers\PostController.php(79): PostController->render()
#16 Z:\home\yii\www\framework\web\actions\CInlineAction.php(49): PostController->actionCreate()
#17 Z:\home\yii\www\framework\web\CController.php(308): CInlineAction->runWithParams()
#18 Z:\home\yii\www\framework\web\filters\CFilterChain.php(133): PostController->runAction()
#19 Z:\home\yii\www\framework\web\filters\CFilter.php(40): CFilterChain->run()
#20 Z:\home\yii\www\framework\web\CController.php(1145): CAccessControlFilter->filter()
#21 Z:\home\yii\www\framework\web\filters\CInlineFilter.php(58): PostController->filterAccessControl()
#22 Z:\home\yii\www\framework\web\filters\CFilterChain.php(130): CInlineFilter->filter()
#23 Z:\home\yii\www\framework\web\CController.php(291): CFilterChain->run()
#24 Z:\home\yii\www\framework\web\CController.php(265): PostController->runActionWithFilters()
#25 Z:\home\yii\www\framework\web\CWebApplication.php(282): PostController->run()
#26 Z:\home\yii\www\framework\web\CWebApplication.php(141): CWebApplication->runController()
#27 Z:\home\yii\www\framework\base\CApplication.php(180): CWebApplication->processRequest()
#28 Z:\home\yii\www\index.php(13): CWebApplication->run()
REQUEST_URI=/post/create
in Z:\home\yii\www\protected\views\post\_form.php (23)
in Z:\home\yii\www\protected\views\post\create.php (18)
in Z:\home\yii\www\protected\controllers\PostController.php (79)
2014/10/03 18:23:26 [warning] [application] Failed to set unsafe attribute "create_time" of "Post".
in Z:\home\yii\www\protected\controllers\PostController.php (72)
in Z:\home\yii\www\index.php (13)
2014/10/03 18:23:26 [warning] [application] Failed to set unsafe attribute "update_time" of "Post".
in Z:\home\yii\www\protected\controllers\PostController.php (72)
in Z:\home\yii\www\index.php (13)
2014/10/03 18:23:26 [warning] [application] Failed to set unsafe attribute "author_id" of "Post".
in Z:\home\yii\www\protected\controllers\PostController.php (72)
in Z:\home\yii\www\index.php (13)
2014/10/03 18:23:31 [warning] [application] Failed to set unsafe attribute "create_time" of "Post".
in Z:\home\yii\www\protected\controllers\PostController.php (72)
in Z:\home\yii\www\index.php (13)
2014/10/03 18:23:31 [warning] [application] Failed to set unsafe attribute "update_time" of "Post".
in Z:\home\yii\www\protected\controllers\PostController.php (72)
in Z:\home\yii\www\index.php (13)
2014/10/03 18:23:31 [warning] [application] Failed to set unsafe attribute "author_id" of "Post".
in Z:\home\yii\www\protected\controllers\PostController.php (72)
in Z:\home\yii\www\index.php (13)
2014/10/03 18:23:34 [warning] [application] Failed to set unsafe attribute "create_time" of "Post".
in Z:\home\yii\www\protected\controllers\PostController.php (72)
in Z:\home\yii\www\index.php (13)
2014/10/03 18:23:34 [warning] [application] Failed to set unsafe attribute "update_time" of "Post".
in Z:\home\yii\www\protected\controllers\PostController.php (72)
in Z:\home\yii\www\index.php (13)
2014/10/03 18:23:34 [warning] [application] Failed to set unsafe attribute "author_id" of "Post".
in Z:\home\yii\www\protected\controllers\PostController.php (72)
in Z:\home\yii\www\index.php (13)
2014/10/03 18:23:37 [warning] [application] Failed to set unsafe attribute "create_time" of "Post".
in Z:\home\yii\www\protected\controllers\PostController.php (72)
in Z:\home\yii\www\index.php (13)
2014/10/03 18:23:37 [warning] [application] Failed to set unsafe attribute "update_time" of "Post".
in Z:\home\yii\www\protected\controllers\PostController.php (72)
in Z:\home\yii\www\index.php (13)
2014/10/03 18:23:37 [warning] [application] Failed to set unsafe attribute "author_id" of "Post".
in Z:\home\yii\www\protected\controllers\PostController.php (72)
in Z:\home\yii\www\index.php (13)
2014/10/03 18:23:58 [warning] [application] Не удалось присвоить небезопасный атрибут "create_time" класса "Post".
in Z:\home\yii\www\protected\controllers\PostController.php (72)
in Z:\home\yii\www\index.php (13)
2014/10/03 18:23:58 [warning] [application] Не удалось присвоить небезопасный атрибут "update_time" класса "Post".
in Z:\home\yii\www\protected\controllers\PostController.php (72)
in Z:\home\yii\www\index.php (13)
2014/10/03 18:23:58 [warning] [application] Не удалось присвоить небезопасный атрибут "author_id" класса "Post".
in Z:\home\yii\www\protected\controllers\PostController.php (72)
in Z:\home\yii\www\index.php (13)
2014/10/03 18:24:02 [warning] [application] Не удалось присвоить небезопасный атрибут "create_time" класса "Post".
in Z:\home\yii\www\protected\controllers\PostController.php (72)
in Z:\home\yii\www\index.php (13)
2014/10/03 18:24:02 [warning] [application] Не удалось присвоить небезопасный атрибут "update_time" класса "Post".
in Z:\home\yii\www\protected\controllers\PostController.php (72)
in Z:\home\yii\www\index.php (13)
2014/10/03 18:24:02 [warning] [application] Не удалось присвоить небезопасный атрибут "author_id" класса "Post".
in Z:\home\yii\www\protected\controllers\PostController.php (72)
in Z:\home\yii\www\index.php (13)
2014/10/03 18:24:04 [warning] [application] Не удалось присвоить небезопасный атрибут "create_time" класса "Post".
in Z:\home\yii\www\protected\controllers\PostController.php (72)
in Z:\home\yii\www\index.php (13)
2014/10/03 18:24:04 [warning] [application] Не удалось присвоить небезопасный атрибут "update_time" класса "Post".
in Z:\home\yii\www\protected\controllers\PostController.php (72)
in Z:\home\yii\www\index.php (13)
2014/10/03 18:24:04 [warning] [application] Не удалось присвоить небезопасный атрибут "author_id" класса "Post".
in Z:\home\yii\www\protected\controllers\PostController.php (72)
in Z:\home\yii\www\index.php (13)
2014/10/03 18:24:11 [warning] [application] Не удалось присвоить небезопасный атрибут "create_time" класса "Post".
in Z:\home\yii\www\protected\controllers\PostController.php (72)
in Z:\home\yii\www\index.php (13)
2014/10/03 18:24:11 [warning] [application] Не удалось присвоить небезопасный атрибут "update_time" класса "Post".
in Z:\home\yii\www\protected\controllers\PostController.php (72)
in Z:\home\yii\www\index.php (13)
2014/10/03 18:24:11 [warning] [application] Не удалось присвоить небезопасный атрибут "author_id" класса "Post".
in Z:\home\yii\www\protected\controllers\PostController.php (72)
in Z:\home\yii\www\index.php (13)
2014/10/03 18:24:14 [warning] [application] Не удалось присвоить небезопасный атрибут "create_time" класса "Post".
in Z:\home\yii\www\protected\controllers\PostController.php (72)
in Z:\home\yii\www\index.php (13)
2014/10/03 18:24:14 [warning] [application] Не удалось присвоить небезопасный атрибут "update_time" класса "Post".
in Z:\home\yii\www\protected\controllers\PostController.php (72)
in Z:\home\yii\www\index.php (13)
2014/10/03 18:24:14 [warning] [application] Не удалось присвоить небезопасный атрибут "author_id" класса "Post".
in Z:\home\yii\www\protected\controllers\PostController.php (72)
in Z:\home\yii\www\index.php (13)
